Start Time: Thu Nov 06 11:00:30 EST 2025
==>SUCCESS[3]: modify values:10904/10006
==>SUCCESS[4]: modify values:10904/10013
==>SUCCESS[5]: modify values:10904/10016
==>SUCCESS[6]: modify values:10904/10018
==>SUCCESS[7]: modify values:10904/10019
==>SUCCESS[8]: modify values:10904/10020
==>SUCCESS[9]: modify values:10904/10021
==>SUCCESS[10]: modify values:10904/10022
==>SUCCESS[11]: modify values:10904/10023
==>SUCCESS[12]: modify values:10904/10025
==>SUCCESS[13]: modify values:10904/10026
==>SUCCESS[14]: modify values:10904/10027
==>SUCCESS[15]: modify values:10904/10028
==>SUCCESS[16]: modify values:10904/10030
==>SUCCESS[17]: modify values:10904/10031
==>SUCCESS[18]: modify values:10904/10032
==>SUCCESS[19]: modify values:10904/10034
==>SUCCESS[20]: modify values:10904/10035
==>SUCCESS[21]: modify values:10904/10037
==>SUCCESS[22]: modify values:10904/10038
==>SUCCESS[23]: modify values:10904/10040
==>SUCCESS[24]: modify values:10904/10041
==>SUCCESS[25]: modify values:10904/10042
==>SUCCESS[26]: modify values:10904/10043
==>SUCCESS[27]: modify values:10904/10044
==>SUCCESS[28]: modify values:10904/10045
==>SUCCESS[29]: modify values:10904/10046
==>SUCCESS[30]: modify values:10904/10047
==>SUCCESS[31]: modify values:10904/10048
==>SUCCESS[32]: modify values:10904/10049
==>SUCCESS[33]: modify values:10904/10050
==>SUCCESS[34]: modify values:10904/10051
==>SUCCESS[35]: modify values:10904/10052
==>SUCCESS[36]: modify values:10904/10053
==>SUCCESS[37]: modify values:10904/10054
==>SUCCESS[38]: modify values:10904/10055
==>SUCCESS[39]: modify values:10904/10056
==>SUCCESS[40]: modify values:10904/10057
==>SUCCESS[41]: modify values:10904/10058
==>SUCCESS[42]: modify values:10904/10064
==>SUCCESS[43]: modify values:10904/10065
==>SUCCESS[44]: modify values:10904/10069
==>SUCCESS[45]: modify values:10904/10070
==>SUCCESS[46]: modify values:10904/10071
==>SUCCESS[47]: modify values:10904/10072
==>SUCCESS[48]: modify values:10904/10075
==>SUCCESS[49]: modify values:10904/10078
==>SUCCESS[50]: modify values:10904/10079
==>SUCCESS[51]: modify values:10904/10080
==>SUCCESS[52]: modify values:10904/10081
==>SUCCESS[53]: modify values:10904/10082
==>SUCCESS[54]: modify values:10904/10083
==>SUCCESS[55]: modify values:10904/10084
==>SUCCESS[56]: modify values:10904/10085
==>SUCCESS[57]: modify values:10904/10086
==>SUCCESS[58]: modify values:10904/10087
==>SUCCESS[59]: modify values:10904/10088
==>SUCCESS[60]: modify values:10904/10089
==>SUCCESS[61]: modify values:10904/10090
==>SUCCESS[62]: modify values:10904/10091
==>SUCCESS[63]: modify values:10904/10092
==>SUCCESS[64]: modify values:10904/10093
==>SUCCESS[65]: modify values:10904/10094
==>SUCCESS[66]: modify values:10904/10095
==>SUCCESS[67]: modify values:10904/10096
==>SUCCESS[68]: modify values:10904/10097
==>SUCCESS[69]: modify values:10904/10101
==>SUCCESS[70]: modify values:10904/10110
==>SUCCESS[71]: modify values:10904/10126
==>SUCCESS[72]: modify values:10904/10143
==>SUCCESS[73]: modify values:10904/10146
==>SUCCESS[74]: modify values:10904/10147
==>SUCCESS[75]: modify values:10904/10150
==>SUCCESS[76]: modify values:10904/10152
==>SUCCESS[77]: modify values:10904/10158
==>SUCCESS[78]: modify values:10904/10168
==>SUCCESS[79]: modify values:10904/10182
==>SUCCESS[80]: modify values:10904/10186
==>SUCCESS[81]: modify values:10904/10187
==>SUCCESS[82]: modify values:10904/10188
==>SUCCESS[83]: modify values:10904/10199
==>SUCCESS[84]: modify values:10904/10200
==>SUCCESS[85]: modify values:10904/10201
==>SUCCESS[86]: modify values:10904/10202
==>SUCCESS[87]: modify values:10904/10212
==>SUCCESS[88]: modify values:10904/10213
==>SUCCESS[89]: modify values:10904/10214
==>SUCCESS[90]: modify values:10904/10215
==>SUCCESS[91]: modify values:10904/10218
==>SUCCESS[92]: modify values:10904/10225
==>SUCCESS[93]: modify values:10904/10227
==>SUCCESS[94]: modify values:10904/10230
==>SUCCESS[95]: modify values:10904/10234
==>SUCCESS[96]: modify values:10904/10236
==>SUCCESS[97]: modify values:10904/10243
==>SUCCESS[98]: modify values:10904/10244
==>SUCCESS[99]: modify values:10904/10257
==>SUCCESS[100]: modify values:10904/10258
==>SUCCESS[101]: modify values:10904/10259
==>SUCCESS[102]: modify values:10904/10261
==>SUCCESS[103]: modify values:10904/10262
==>SUCCESS[104]: modify values:10904/10264
==>SUCCESS[105]: modify values:10904/10265
==>SUCCESS[106]: modify values:10904/242WQX
==>SUCCESS[107]: modify values:10904/4XKD49
==>SUCCESS[108]: modify values:10904/JIJ0IW
==>SUCCESS[109]: modify values:10904/NEDZUB
==>SUCCESS[110]: modify values:10904/QRE5XH
==>SUCCESS[111]: modify values:10904/RY57JX
==>SUCCESS[112]: modify values:10904/SJUA63
==>SUCCESS[113]: modify values:10904/URNXMK
Successes/Total Entries: 111/111
Batch File Lines: 113
Finish Time: Thu Nov 06 11:00:35 EST 2025
This batch took 4 seconds to complete at an average speed of 24.283526580616936 operations/second
